<?xml version="1.0" encoding="UTF-8"?>
<!-- Generated by org.testng.reporters.JUnitReportReporter -->
<testsuite hostname="Gofrans-MacBook-Pro.local" failures="0" tests="3" name="DynamicJson" time="7.322" errors="0" timestamp="2023-07-01T22:51:11 BDT" skipped="0">
  <testcase classname="DynamicJson" name="AddBook" time="2.645"/>
  <system-out/>
  <testcase classname="DynamicJson" name="AddBook" time="0.736"/>
  <system-out/>
  <testcase classname="DynamicJson" name="AddBook" time="3.941"/>
  <system-out/>
</testsuite> <!-- DynamicJson -->
