<?xml version="1.0" encoding="UTF-8"?>
<!-- Generated by org.testng.reporters.JUnitReportReporter -->
<testsuite hostname="Gofrans-MacBook-Pro.local" failures="0" tests="1" name="DynamicJson" time="3.005" errors="0" timestamp="2023-07-01T21:40:08 BDT" skipped="0">
  <testcase classname="DynamicJson" name="AddBook" time="3.005"/>
  <system-out/>
</testsuite> <!-- DynamicJson -->
