<?xml version="1.0" encoding="UTF-8"?>
<!-- Generated by org.testng.reporters.JUnitReportReporter -->
<testsuite hostname="Gofrans-MacBook-Pro.local" failures="0" tests="1" name="SumValidation" time="0.732" errors="0" timestamp="2023-06-30T14:27:14 BDT" skipped="0">
  <testcase classname="SumValidation" name="sumOfCourses" time="0.732"/>
  <system-out/>
</testsuite> <!-- SumValidation -->
