<?xml version="1.0" encoding="UTF-8"?>
<!-- Generated by org.testng.reporters.JUnitReportReporter -->
<testsuite hostname="Gofrans-MacBook-Pro.local" failures="0" tests="1" name="DynamicJson" time="1.557" errors="0" timestamp="2023-06-30T17:51:17 BDT" skipped="0">
  <testcase classname="DynamicJson" name="AddBook" time="1.557"/>
  <system-out/>
</testsuite> <!-- DynamicJson -->
